c:\users\sigge\source\repos\ecs\x64\release\ecs.pdb
c:\users\sigge\source\repos\ecs\ecs\x64\release\systemmanager.obj
c:\users\sigge\source\repos\ecs\ecs\x64\release\system.obj
c:\users\sigge\source\repos\ecs\ecs\x64\release\registry.obj
c:\users\sigge\source\repos\ecs\ecs\x64\release\entitymanager.obj
c:\users\sigge\source\repos\ecs\ecs\x64\release\componentmanager.obj
c:\users\sigge\source\repos\ecs\ecs\x64\release\vc142.pdb
c:\users\sigge\source\repos\ecs\ecs\x64\release\main.obj
c:\users\sigge\source\repos\ecs\x64\release\ecs.lib
c:\users\sigge\source\repos\ecs\x64\release\ecs.exe
c:\users\sigge\source\repos\ecs\ecs\x64\release\ecs.ipdb
c:\users\sigge\source\repos\ecs\ecs\x64\release\ecs.iobj
c:\users\sigge\source\repos\ecs\ecs\x64\release\ecs.tlog\cl.command.1.tlog
c:\users\sigge\source\repos\ecs\ecs\x64\release\ecs.tlog\cl.read.1.tlog
c:\users\sigge\source\repos\ecs\ecs\x64\release\ecs.tlog\cl.write.1.tlog
c:\users\sigge\source\repos\ecs\ecs\x64\release\ecs.tlog\ecs.write.1u.tlog
c:\users\sigge\source\repos\ecs\ecs\x64\release\ecs.tlog\lib-link.read.1.tlog
c:\users\sigge\source\repos\ecs\ecs\x64\release\ecs.tlog\lib-link.write.1.tlog
c:\users\sigge\source\repos\ecs\ecs\x64\release\ecs.tlog\lib.command.1.tlog
c:\users\sigge\source\repos\ecs\ecs\x64\release\ecs.tlog\link.command.1.tlog
c:\users\sigge\source\repos\ecs\ecs\x64\release\ecs.tlog\link.read.1.tlog
c:\users\sigge\source\repos\ecs\ecs\x64\release\ecs.tlog\link.write.1.tlog
